kotlin version: 2.1.20-Beta2
error message: java.lang.AssertionError: Error occurred while optimizing an expression:
STRING_CONCATENATION type=kotlin.String
  CONST String type=kotlin.String value="https://api.nytimes.com/svc/search/v2/articlesearch.json?api-key="
  CALL 'private final fun <get-SEARCH_API_KEY> (): IrErrorType([Error type: Unresolved type for API_KEY]) declared in com.codepath.articlesearch' type=IrErrorType([Error type: Unresolved type for API_KEY]) origin=GET_PROPERTY

	at org.jetbrains.kotlin.ir.interpreter.transformer.IrConstEvaluationContext.interpret(IrConstEvaluationContext.kt:82)
	at org.jetbrains.kotlin.ir.interpreter.transformer.IrConstExpressionTransformer.visitField(IrConstExpressionTransformer.kt:51)
	at org.jetbrains.kotlin.ir.interpreter.transformer.IrConstOnlyNecessaryTransformer.visitField(IrConstOnlyNecessaryTransformer.kt:67)
	at org.jetbrains.kotlin.ir.interpreter.transformer.IrConstOnlyNecessaryTransformer.visitField(IrConstOnlyNecessaryTransformer.kt:28)
	at org.jetbrains.kotlin.ir.declarations.IrField.accept(IrField.kt:40)
	at org.jetbrains.kotlin.ir.IrElementBase.transform(IrElementBase.kt:34)
	at org.jetbrains.kotlin.ir.declarations.IrProperty.transformChildren(IrProperty.kt:54)
	at org.jetbrains.kotlin.ir.visitors.IrElementTransformer$DefaultImpls.visitDeclaration(IrElementTransformer.kt:38)
	at org.jetbrains.kotlin.ir.visitors.IrTransformer.visitDeclaration(IrTransformer.kt:14)
	at org.jetbrains.kotlin.ir.visitors.IrElementTransformer$DefaultImpls.visitProperty(IrElementTransformer.kt:78)
	at org.jetbrains.kotlin.ir.visitors.IrTransformer.visitProperty(IrTransformer.kt:14)
	at org.jetbrains.kotlin.ir.visitors.IrTransformer.visitProperty(IrTransformer.kt:14)
	at org.jetbrains.kotlin.ir.declarations.IrProperty.accept(IrProperty.kt:45)
	at org.jetbrains.kotlin.ir.IrElementBase.transform(IrElementBase.kt:34)
	at org.jetbrains.kotlin.ir.util.TransformKt.transformInPlace(transform.kt:35)
	at org.jetbrains.kotlin.ir.declarations.IrFile.transformChildren(IrFile.kt:38)
	at org.jetbrains.kotlin.ir.visitors.IrElementTransformer$DefaultImpls.visitFile(IrElementTransformer.kt:104)
	at org.jetbrains.kotlin.ir.visitors.IrTransformer.visitFile(IrTransformer.kt:14)
	at org.jetbrains.kotlin.ir.visitors.IrTransformer.visitFile(IrTransformer.kt:14)
	at org.jetbrains.kotlin.ir.declarations.IrFile.accept(IrFile.kt:28)
	at org.jetbrains.kotlin.ir.declarations.IrFile.transform(IrFile.kt:31)
	at org.jetbrains.kotlin.ir.declarations.IrFile.transform(IrFile.kt:20)
	at org.jetbrains.kotlin.ir.interpreter.transformer.IrConstTransformerKt.transformConst(IrConstTransformer.kt:54)
	at org.jetbrains.kotlin.ir.interpreter.transformer.IrConstTransformerKt.transformConst$default(IrConstTransformer.kt:26)
	at org.jetbrains.kotlin.fir.backend.Fir2IrConverter$Companion.evaluateConstants(Fir2IrConverter.kt:626)
	at org.jetbrains.kotlin.fir.pipeline.Fir2IrPipeline.evaluateConstants(convertToIr.kt:329)
	at org.jetbrains.kotlin.fir.pipeline.Fir2IrPipeline.runActualizationPipeline(convertToIr.kt:232)
	at org.jetbrains.kotlin.fir.pipeline.Fir2IrPipeline.convertToIrAndActualize(convertToIr.kt:130)
	at org.jetbrains.kotlin.fir.pipeline.ConvertToIrKt.convertToIrAndActualize(convertToIr.kt:100)
	at org.jetbrains.kotlin.fir.pipeline.ConvertToIrKt.convertToIrAndActualize$default(convertToIr.kt:75)
	at org.jetbrains.kotlin.cli.jvm.compiler.legacy.pipeline.JvmCompilerPipelineKt.convertToIrAndActualizeForJvm(jvmCompilerPipeline.kt:108)
	at org.jetbrains.kotlin.cli.jvm.compiler.legacy.pipeline.JvmCompilerPipelineKt.convertAnalyzedFirToIr(jvmCompilerPipeline.kt:81)
	at org.jetbrains.kotlin.kapt4.FirKaptAnalysisHandlerExtension.contextForStubGeneration(FirKaptAnalysisHandlerExtension.kt:230)
	at org.jetbrains.kotlin.kapt4.FirKaptAnalysisHandlerExtension.doAnalysis(FirKaptAnalysisHandlerExtension.kt:126)
	at org.jetbrains.kotlin.fir.extensions.FirAnalysisHandlerExtension$Companion.analyze(FirAnalysisHandlerExtension.kt:29)
	at org.jetbrains.kotlin.cli.pipeline.jvm.JvmFrontendPipelinePhase.executePhase(JvmFrontendPipelinePhase.kt:76)
	at org.jetbrains.kotlin.cli.pipeline.jvm.JvmFrontendPipelinePhase.executePhase(JvmFrontendPipelinePhase.kt:56)
	at org.jetbrains.kotlin.cli.pipeline.PipelinePhase.phaseBody(PipelinePhase.kt:68)
	at org.jetbrains.kotlin.cli.pipeline.PipelinePhase.phaseBody(PipelinePhase.kt:58)
	at org.jetbrains.kotlin.config.phaser.SimpleNamedCompilerPhase.phaseBody(CompilerPhase.kt:215)
	at org.jetbrains.kotlin.config.phaser.NamedCompilerPhase.invoke(CompilerPhase.kt:111)
	at org.jetbrains.kotlin.backend.common.phaser.CompositePhase.invoke(PhaseBuilders.kt:28)
	at org.jetbrains.kotlin.config.phaser.CompilerPhaseKt.invokeToplevel(CompilerPhase.kt:62)
	at org.jetbrains.kotlin.cli.pipeline.AbstractCliPipeline.runPhasedPipeline(AbstractCliPipeline.kt:106)
	at org.jetbrains.kotlin.cli.pipeline.AbstractCliPipeline.execute(AbstractCliPipeline.kt:65)
	at org.jetbrains.kotlin.cli.jvm.K2JVMCompiler.doExecutePhased(K2JVMCompiler.kt:61)
	at org.jetbrains.kotlin.cli.jvm.K2JVMCompiler.doExecutePhased(K2JVMCompiler.kt:36)
	at org.jetbrains.kotlin.cli.common.CLICompiler.execImpl(CLICompiler.kt:80)
	at org.jetbrains.kotlin.cli.common.CLICompiler.exec(CLICompiler.kt:337)
	at org.jetbrains.kotlin.incremental.IncrementalJvmCompilerRunner.runCompiler(IncrementalJvmCompilerRunner.kt:466)
	at org.jetbrains.kotlin.incremental.IncrementalJvmCompilerRunner.runCompiler(IncrementalJvmCompilerRunner.kt:75)
	at org.jetbrains.kotlin.incremental.IncrementalCompilerRunner.doCompile(IncrementalCompilerRunner.kt:514)
	at org.jetbrains.kotlin.incremental.IncrementalCompilerRunner.compileImpl(IncrementalCompilerRunner.kt:431)
	at org.jetbrains.kotlin.incremental.IncrementalCompilerRunner.compileNonIncrementally(IncrementalCompilerRunner.kt:310)
	at org.jetbrains.kotlin.incremental.IncrementalCompilerRunner.compile(IncrementalCompilerRunner.kt:137)
	at org.jetbrains.kotlin.daemon.CompileServiceImplBase.execIncrementalCompiler(CompileServiceImpl.kt:678)
	at org.jetbrains.kotlin.daemon.CompileServiceImplBase.access$execIncrementalCompiler(CompileServiceImpl.kt:92)
	at org.jetbrains.kotlin.daemon.CompileServiceImpl.compile(CompileServiceImpl.kt:1805)
	at java.base/jdk.internal.reflect.DirectMethodHandleAccessor.invoke(Unknown Source)
	at java.base/java.lang.reflect.Method.invoke(Unknown Source)
	at java.rmi/sun.rmi.server.UnicastServerRef.dispatch(Unknown Source)
	at java.rmi/sun.rmi.transport.Transport$1.run(Unknown Source)
	at java.rmi/sun.rmi.transport.Transport$1.run(Unknown Source)
	at java.base/java.security.AccessController.doPrivileged(Unknown Source)
	at java.rmi/sun.rmi.transport.Transport.serviceCall(Unknown Source)
	at java.rmi/sun.rmi.transport.tcp.TCPTransport.handleMessages(Unknown Source)
	at java.rmi/sun.rmi.transport.tcp.TCPTransport$ConnectionHandler.run0(Unknown Source)
	at java.rmi/sun.rmi.transport.tcp.TCPTransport$ConnectionHandler.lambda$run$0(Unknown Source)
	at java.base/java.security.AccessController.doPrivileged(Unknown Source)
	at java.rmi/sun.rmi.transport.tcp.TCPTransport$ConnectionHandler.run(Unknown Source)
	at java.base/java.util.concurrent.ThreadPoolExecutor.runWorker(Unknown Source)
	at java.base/java.util.concurrent.ThreadPoolExecutor$Worker.run(Unknown Source)
	at java.base/java.lang.Thread.run(Unknown Source)
Caused by: kotlin.NotImplementedError: An operation is not implemented: class org.jetbrains.kotlin.ir.expressions.impl.IrErrorCallExpressionImpl not supported
	at org.jetbrains.kotlin.ir.interpreter.InstructionsUnfolderKt.unfoldInstruction(InstructionsUnfolder.kt:77)
	at org.jetbrains.kotlin.ir.interpreter.IrInterpreter.handle(IrInterpreter.kt:51)
	at org.jetbrains.kotlin.ir.interpreter.IrInterpreter.interpret(IrInterpreter.kt:63)
	at org.jetbrains.kotlin.ir.interpreter.transformer.IrConstEvaluationContext.interpret(IrConstEvaluationContext.kt:76)
	... 72 more


